0 info it worked if it ends with ok
1 verbose cli [ '/usr/bin/node', '/usr/bin/npm', 'i', 'mobx', 'mobx-react' ]
2 info using npm@3.10.10
3 info using node@v6.12.2
4 silly loadCurrentTree Starting
5 silly install loadCurrentTree
6 silly install readLocalPackageData
7 silly fetchPackageMetaData mobx
8 silly fetchPackageMetaData mobx-react
9 silly fetchNamedPackageData mobx
10 silly mapToRegistry name mobx
11 silly mapToRegistry using default registry
12 silly mapToRegistry registry https://registry.npmjs.org/
13 silly mapToRegistry data Result {
13 silly mapToRegistry   raw: 'mobx',
13 silly mapToRegistry   scope: null,
13 silly mapToRegistry   escapedName: 'mobx',
13 silly mapToRegistry   name: 'mobx',
13 silly mapToRegistry   rawSpec: '',
13 silly mapToRegistry   spec: 'latest',
13 silly mapToRegistry   type: 'tag' }
14 silly mapToRegistry uri https://registry.npmjs.org/mobx
15 silly fetchNamedPackageData mobx-react
16 silly mapToRegistry name mobx-react
17 silly mapToRegistry using default registry
18 silly mapToRegistry registry https://registry.npmjs.org/
19 silly mapToRegistry data Result {
19 silly mapToRegistry   raw: 'mobx-react',
19 silly mapToRegistry   scope: null,
19 silly mapToRegistry   escapedName: 'mobx-react',
19 silly mapToRegistry   name: 'mobx-react',
19 silly mapToRegistry   rawSpec: '',
19 silly mapToRegistry   spec: 'latest',
19 silly mapToRegistry   type: 'tag' }
20 silly mapToRegistry uri https://registry.npmjs.org/mobx-react
21 verbose request uri https://registry.npmjs.org/mobx
22 verbose request no auth needed
23 info attempt registry request try #1 at 3:08:30 PM
24 verbose request id a9d3a40aa2b9a143
25 http request GET https://registry.npmjs.org/mobx
26 verbose request uri https://registry.npmjs.org/mobx-react
27 verbose request no auth needed
28 info attempt registry request try #1 at 3:08:37 PM
29 http request GET https://registry.npmjs.org/mobx-react
30 http 200 https://registry.npmjs.org/mobx
31 verbose headers { 'content-type': 'application/json; charset=UTF-8',
31 verbose headers   server: 'UploadServer',
31 verbose headers   'cache-control': 'max-age=300',
31 verbose headers   'last-modified': 'Fri, 4 May 2018 12:43:03 GMT',
31 verbose headers   etag: '"5aec5557-a3a83"',
31 verbose headers   'x-npm-region': 'OZ',
31 verbose headers   'content-encoding': 'gzip',
31 verbose headers   'content-length': '96105',
31 verbose headers   'accept-ranges': 'bytes',
31 verbose headers   date: 'Tue, 08 May 2018 05:38:37 GMT',
31 verbose headers   via: '1.1 varnish',
31 verbose headers   age: '9188',
31 verbose headers   connection: 'keep-alive',
31 verbose headers   'x-served-by': 'cache-mel19028-MEL',
31 verbose headers   'x-cache': 'HIT',
31 verbose headers   'x-cache-hits': '2',
31 verbose headers   'x-timer': 'S1525757918.960043,VS0,VE0',
31 verbose headers   vary: 'Accept-Encoding, Accept' }
32 silly get cb [ 200,
32 silly get   { 'content-type': 'application/json; charset=UTF-8',
32 silly get     server: 'UploadServer',
32 silly get     'cache-control': 'max-age=300',
32 silly get     'last-modified': 'Fri, 4 May 2018 12:43:03 GMT',
32 silly get     etag: '"5aec5557-a3a83"',
32 silly get     'x-npm-region': 'OZ',
32 silly get     'content-encoding': 'gzip',
32 silly get     'content-length': '96105',
32 silly get     'accept-ranges': 'bytes',
32 silly get     date: 'Tue, 08 May 2018 05:38:37 GMT',
32 silly get     via: '1.1 varnish',
32 silly get     age: '9188',
32 silly get     connection: 'keep-alive',
32 silly get     'x-served-by': 'cache-mel19028-MEL',
32 silly get     'x-cache': 'HIT',
32 silly get     'x-cache-hits': '2',
32 silly get     'x-timer': 'S1525757918.960043,VS0,VE0',
32 silly get     vary: 'Accept-Encoding, Accept' } ]
33 verbose get saving mobx to /home/alex/.npm/registry.npmjs.org/mobx/.cache.json
34 verbose correctMkdir /home/alex/.npm correctMkdir not in flight; initializing
35 http 200 https://registry.npmjs.org/mobx-react
36 verbose headers { 'content-type': 'application/json; charset=UTF-8',
36 verbose headers   server: 'UploadServer',
36 verbose headers   'cache-control': 'max-age=300',
36 verbose headers   'last-modified': 'Tue, 1 May 2018 14:16:14 GMT',
36 verbose headers   etag: '"5ae876ae-5a33e"',
36 verbose headers   'x-npm-region': 'OZ',
36 verbose headers   'content-encoding': 'gzip',
36 verbose headers   'content-length': '32958',
36 verbose headers   'accept-ranges': 'bytes',
36 verbose headers   date: 'Tue, 08 May 2018 05:38:39 GMT',
36 verbose headers   via: '1.1 varnish',
36 verbose headers   age: '1',
36 verbose headers   connection: 'keep-alive',
36 verbose headers   'x-served-by': 'cache-mel19032-MEL',
36 verbose headers   'x-cache': 'MISS',
36 verbose headers   'x-cache-hits': '0',
36 verbose headers   'x-timer': 'S1525757918.015656,VS0,VE1204',
36 verbose headers   vary: 'Accept-Encoding, Accept' }
37 silly get cb [ 200,
37 silly get   { 'content-type': 'application/json; charset=UTF-8',
37 silly get     server: 'UploadServer',
37 silly get     'cache-control': 'max-age=300',
37 silly get     'last-modified': 'Tue, 1 May 2018 14:16:14 GMT',
37 silly get     etag: '"5ae876ae-5a33e"',
37 silly get     'x-npm-region': 'OZ',
37 silly get     'content-encoding': 'gzip',
37 silly get     'content-length': '32958',
37 silly get     'accept-ranges': 'bytes',
37 silly get     date: 'Tue, 08 May 2018 05:38:39 GMT',
37 silly get     via: '1.1 varnish',
37 silly get     age: '1',
37 silly get     connection: 'keep-alive',
37 silly get     'x-served-by': 'cache-mel19032-MEL',
37 silly get     'x-cache': 'MISS',
37 silly get     'x-cache-hits': '0',
37 silly get     'x-timer': 'S1525757918.015656,VS0,VE1204',
37 silly get     vary: 'Accept-Encoding, Accept' } ]
38 verbose get saving mobx-react to /home/alex/.npm/registry.npmjs.org/mobx-react/.cache.json
39 verbose correctMkdir /home/alex/.npm correctMkdir not in flight; initializing
40 silly install normalizeTree
41 silly loadCurrentTree Finishing
42 silly loadIdealTree Starting
43 silly install loadIdealTree
44 silly cloneCurrentTree Starting
45 silly install cloneCurrentTreeToIdealTree
46 silly cloneCurrentTree Finishing
47 silly loadShrinkwrap Starting
48 silly install loadShrinkwrap
49 silly loadShrinkwrap Finishing
50 silly loadAllDepsIntoIdealTree Starting
51 silly install loadAllDepsIntoIdealTree
52 silly resolveWithNewModule mobx@4.2.1 checking installable status
53 silly cache add args [ 'mobx', null ]
54 verbose cache add spec mobx
55 silly resolveWithNewModule mobx-react@5.1.2 checking installable status
56 silly cache add args [ 'mobx-react', null ]
57 verbose cache add spec mobx-react
58 silly cache add parsed spec Result {
58 silly cache add   raw: 'mobx',
58 silly cache add   scope: null,
58 silly cache add   escapedName: 'mobx',
58 silly cache add   name: 'mobx',
58 silly cache add   rawSpec: '',
58 silly cache add   spec: 'latest',
58 silly cache add   type: 'tag' }
59 silly addNamed mobx@latest
60 verbose addNamed "latest" is being treated as a dist-tag for mobx
61 info addNameTag [ 'mobx', 'latest' ]
62 silly mapToRegistry name mobx
63 silly mapToRegistry using default registry
64 silly mapToRegistry registry https://registry.npmjs.org/
65 silly mapToRegistry data Result {
65 silly mapToRegistry   raw: 'mobx',
65 silly mapToRegistry   scope: null,
65 silly mapToRegistry   escapedName: 'mobx',
65 silly mapToRegistry   name: 'mobx',
65 silly mapToRegistry   rawSpec: '',
65 silly mapToRegistry   spec: 'latest',
65 silly mapToRegistry   type: 'tag' }
66 silly mapToRegistry uri https://registry.npmjs.org/mobx
67 verbose addNameTag registry:https://registry.npmjs.org/mobx not in flight; fetching
68 silly cache add parsed spec Result {
68 silly cache add   raw: 'mobx-react',
68 silly cache add   scope: null,
68 silly cache add   escapedName: 'mobx-react',
68 silly cache add   name: 'mobx-react',
68 silly cache add   rawSpec: '',
68 silly cache add   spec: 'latest',
68 silly cache add   type: 'tag' }
69 silly addNamed mobx-react@latest
70 verbose addNamed "latest" is being treated as a dist-tag for mobx-react
71 info addNameTag [ 'mobx-react', 'latest' ]
72 silly mapToRegistry name mobx-react
73 silly mapToRegistry using default registry
74 silly mapToRegistry registry https://registry.npmjs.org/
75 silly mapToRegistry data Result {
75 silly mapToRegistry   raw: 'mobx-react',
75 silly mapToRegistry   scope: null,
75 silly mapToRegistry   escapedName: 'mobx-react',
75 silly mapToRegistry   name: 'mobx-react',
75 silly mapToRegistry   rawSpec: '',
75 silly mapToRegistry   spec: 'latest',
75 silly mapToRegistry   type: 'tag' }
76 silly mapToRegistry uri https://registry.npmjs.org/mobx-react
77 verbose addNameTag registry:https://registry.npmjs.org/mobx-react not in flight; fetching
78 verbose get https://registry.npmjs.org/mobx-react not expired, no request
79 silly addNameTag next cb for mobx-react with tag latest
80 silly addNamed mobx-react@5.1.2
81 verbose addNamed "5.1.2" is a plain semver version for mobx-react
82 verbose get https://registry.npmjs.org/mobx not expired, no request
83 silly addNameTag next cb for mobx with tag latest
84 silly addNamed mobx@4.2.1
85 verbose addNamed "4.2.1" is a plain semver version for mobx
86 silly mapToRegistry name mobx-react
87 silly mapToRegistry using default registry
88 silly mapToRegistry registry https://registry.npmjs.org/
89 silly mapToRegistry data Result {
89 silly mapToRegistry   raw: 'mobx-react',
89 silly mapToRegistry   scope: null,
89 silly mapToRegistry   escapedName: 'mobx-react',
89 silly mapToRegistry   name: 'mobx-react',
89 silly mapToRegistry   rawSpec: '',
89 silly mapToRegistry   spec: 'latest',
89 silly mapToRegistry   type: 'tag' }
90 silly mapToRegistry uri https://registry.npmjs.org/mobx-react
91 verbose addRemoteTarball https://registry.npmjs.org/mobx-react/-/mobx-react-5.1.2.tgz not in flight; adding
92 verbose addRemoteTarball [ 'https://registry.npmjs.org/mobx-react/-/mobx-react-5.1.2.tgz',
92 verbose addRemoteTarball   'ec5c2d29a1df823dbd1b37e214fa36a0907054e2' ]
93 silly mapToRegistry name mobx
94 silly mapToRegistry using default registry
95 silly mapToRegistry registry https://registry.npmjs.org/
96 silly mapToRegistry data Result {
96 silly mapToRegistry   raw: 'mobx',
96 silly mapToRegistry   scope: null,
96 silly mapToRegistry   escapedName: 'mobx',
96 silly mapToRegistry   name: 'mobx',
96 silly mapToRegistry   rawSpec: '',
96 silly mapToRegistry   spec: 'latest',
96 silly mapToRegistry   type: 'tag' }
97 silly mapToRegistry uri https://registry.npmjs.org/mobx
98 verbose addRemoteTarball https://registry.npmjs.org/mobx/-/mobx-4.2.1.tgz not in flight; adding
99 verbose addRemoteTarball [ 'https://registry.npmjs.org/mobx/-/mobx-4.2.1.tgz',
99 verbose addRemoteTarball   'dd4190daf1b43d41a3a228585253f9970b0a27dd' ]
100 info retry fetch attempt 1 at 3:08:40 PM
101 info attempt registry request try #1 at 3:08:40 PM
102 http fetch GET https://registry.npmjs.org/mobx-react/-/mobx-react-5.1.2.tgz
103 info retry fetch attempt 1 at 3:08:40 PM
104 info attempt registry request try #1 at 3:08:40 PM
105 http fetch GET https://registry.npmjs.org/mobx/-/mobx-4.2.1.tgz
106 http fetch 200 https://registry.npmjs.org/mobx-react/-/mobx-react-5.1.2.tgz
107 http fetch 200 https://registry.npmjs.org/mobx/-/mobx-4.2.1.tgz
108 silly fetchAndShaCheck shasum ec5c2d29a1df823dbd1b37e214fa36a0907054e2
109 verbose addTmpTarball /tmp/npm-738-0e044142/registry.npmjs.org/mobx-react/-/mobx-react-5.1.2.tgz not in flight; adding
110 verbose addTmpTarball already have metadata; skipping unpack for mobx-react@5.1.2
111 verbose correctMkdir /home/alex/.npm correctMkdir not in flight; initializing
112 silly cache afterAdd mobx-react@5.1.2
113 verbose afterAdd /home/alex/.npm/mobx-react/5.1.2/package/package.json not in flight; writing
114 verbose correctMkdir /home/alex/.npm correctMkdir not in flight; initializing
115 verbose afterAdd /home/alex/.npm/mobx-react/5.1.2/package/package.json written
116 silly fetchAndShaCheck shasum dd4190daf1b43d41a3a228585253f9970b0a27dd
117 verbose addTmpTarball /tmp/npm-738-0e044142/registry.npmjs.org/mobx/-/mobx-4.2.1.tgz not in flight; adding
118 verbose addTmpTarball already have metadata; skipping unpack for mobx@4.2.1
119 verbose correctMkdir /home/alex/.npm correctMkdir not in flight; initializing
120 silly cache afterAdd mobx@4.2.1
121 verbose afterAdd /home/alex/.npm/mobx/4.2.1/package/package.json not in flight; writing
122 verbose correctMkdir /home/alex/.npm correctMkdir not in flight; initializing
123 verbose afterAdd /home/alex/.npm/mobx/4.2.1/package/package.json written
124 silly fetchNamedPackageData hoist-non-react-statics
125 silly mapToRegistry name hoist-non-react-statics
126 silly mapToRegistry using default registry
127 silly mapToRegistry registry https://registry.npmjs.org/
128 silly mapToRegistry data Result {
128 silly mapToRegistry   raw: 'hoist-non-react-statics',
128 silly mapToRegistry   scope: null,
128 silly mapToRegistry   escapedName: 'hoist-non-react-statics',
128 silly mapToRegistry   name: 'hoist-non-react-statics',
128 silly mapToRegistry   rawSpec: '',
128 silly mapToRegistry   spec: 'latest',
128 silly mapToRegistry   type: 'tag' }
129 silly mapToRegistry uri https://registry.npmjs.org/hoist-non-react-statics
130 silly fetchNamedPackageData react-lifecycles-compat
131 silly mapToRegistry name react-lifecycles-compat
132 silly mapToRegistry using default registry
133 silly mapToRegistry registry https://registry.npmjs.org/
134 silly mapToRegistry data Result {
134 silly mapToRegistry   raw: 'react-lifecycles-compat',
134 silly mapToRegistry   scope: null,
134 silly mapToRegistry   escapedName: 'react-lifecycles-compat',
134 silly mapToRegistry   name: 'react-lifecycles-compat',
134 silly mapToRegistry   rawSpec: '',
134 silly mapToRegistry   spec: 'latest',
134 silly mapToRegistry   type: 'tag' }
135 silly mapToRegistry uri https://registry.npmjs.org/react-lifecycles-compat
136 verbose request uri https://registry.npmjs.org/hoist-non-react-statics
137 verbose request no auth needed
138 info attempt registry request try #1 at 3:08:43 PM
139 http request GET https://registry.npmjs.org/hoist-non-react-statics
140 verbose request uri https://registry.npmjs.org/react-lifecycles-compat
141 verbose request no auth needed
142 info attempt registry request try #1 at 3:08:43 PM
143 http request GET https://registry.npmjs.org/react-lifecycles-compat
144 http 200 https://registry.npmjs.org/hoist-non-react-statics
145 verbose headers { 'content-type': 'application/json; charset=UTF-8',
145 verbose headers   server: 'UploadServer',
145 verbose headers   'cache-control': 'max-age=300',
145 verbose headers   'last-modified': 'Sat, 17 Mar 2018 6:28:11 GMT',
145 verbose headers   etag: '"5aacb57b-8eac"',
145 verbose headers   'x-npm-region': 'OZ',
145 verbose headers   'content-encoding': 'gzip',
145 verbose headers   'content-length': '4311',
145 verbose headers   'accept-ranges': 'bytes',
145 verbose headers   date: 'Tue, 08 May 2018 05:38:42 GMT',
145 verbose headers   via: '1.1 varnish',
145 verbose headers   age: '6401',
145 verbose headers   connection: 'keep-alive',
145 verbose headers   'x-served-by': 'cache-mel19028-MEL',
145 verbose headers   'x-cache': 'HIT',
145 verbose headers   'x-cache-hits': '4',
145 verbose headers   'x-timer': 'S1525757923.761426,VS0,VE0',
145 verbose headers   vary: 'Accept-Encoding, Accept' }
146 silly get cb [ 200,
146 silly get   { 'content-type': 'application/json; charset=UTF-8',
146 silly get     server: 'UploadServer',
146 silly get     'cache-control': 'max-age=300',
146 silly get     'last-modified': 'Sat, 17 Mar 2018 6:28:11 GMT',
146 silly get     etag: '"5aacb57b-8eac"',
146 silly get     'x-npm-region': 'OZ',
146 silly get     'content-encoding': 'gzip',
146 silly get     'content-length': '4311',
146 silly get     'accept-ranges': 'bytes',
146 silly get     date: 'Tue, 08 May 2018 05:38:42 GMT',
146 silly get     via: '1.1 varnish',
146 silly get     age: '6401',
146 silly get     connection: 'keep-alive',
146 silly get     'x-served-by': 'cache-mel19028-MEL',
146 silly get     'x-cache': 'HIT',
146 silly get     'x-cache-hits': '4',
146 silly get     'x-timer': 'S1525757923.761426,VS0,VE0',
146 silly get     vary: 'Accept-Encoding, Accept' } ]
147 verbose get saving hoist-non-react-statics to /home/alex/.npm/registry.npmjs.org/hoist-non-react-statics/.cache.json
148 verbose correctMkdir /home/alex/.npm correctMkdir not in flight; initializing
149 http 200 https://registry.npmjs.org/react-lifecycles-compat
150 verbose headers { 'content-type': 'application/json; charset=UTF-8',
150 verbose headers   server: 'UploadServer',
150 verbose headers   'cache-control': 'max-age=300',
150 verbose headers   'last-modified': 'Thu, 12 Apr 2018 22:37:18 GMT',
150 verbose headers   etag: '"5acfdf9e-8fc7"',
150 verbose headers   'x-npm-region': 'OZ',
150 verbose headers   'content-encoding': 'gzip',
150 verbose headers   'content-length': '5347',
150 verbose headers   'accept-ranges': 'bytes',
150 verbose headers   date: 'Tue, 08 May 2018 05:38:42 GMT',
150 verbose headers   via: '1.1 varnish',
150 verbose headers   age: '9951',
150 verbose headers   connection: 'keep-alive',
150 verbose headers   'x-served-by': 'cache-mel19032-MEL',
150 verbose headers   'x-cache': 'HIT',
150 verbose headers   'x-cache-hits': '1',
150 verbose headers   'x-timer': 'S1525757923.764566,VS0,VE1',
150 verbose headers   vary: 'Accept-Encoding, Accept' }
151 silly get cb [ 200,
151 silly get   { 'content-type': 'application/json; charset=UTF-8',
151 silly get     server: 'UploadServer',
151 silly get     'cache-control': 'max-age=300',
151 silly get     'last-modified': 'Thu, 12 Apr 2018 22:37:18 GMT',
151 silly get     etag: '"5acfdf9e-8fc7"',
151 silly get     'x-npm-region': 'OZ',
151 silly get     'content-encoding': 'gzip',
151 silly get     'content-length': '5347',
151 silly get     'accept-ranges': 'bytes',
151 silly get     date: 'Tue, 08 May 2018 05:38:42 GMT',
151 silly get     via: '1.1 varnish',
151 silly get     age: '9951',
151 silly get     connection: 'keep-alive',
151 silly get     'x-served-by': 'cache-mel19032-MEL',
151 silly get     'x-cache': 'HIT',
151 silly get     'x-cache-hits': '1',
151 silly get     'x-timer': 'S1525757923.764566,VS0,VE1',
151 silly get     vary: 'Accept-Encoding, Accept' } ]
152 verbose get saving react-lifecycles-compat to /home/alex/.npm/registry.npmjs.org/react-lifecycles-compat/.cache.json
153 verbose correctMkdir /home/alex/.npm correctMkdir not in flight; initializing
154 silly resolveWithNewModule hoist-non-react-statics@2.5.0 checking installable status
155 silly cache add args [ 'hoist-non-react-statics@^2.5.0', null ]
156 verbose cache add spec hoist-non-react-statics@^2.5.0
157 silly cache add parsed spec Result {
157 silly cache add   raw: 'hoist-non-react-statics@^2.5.0',
157 silly cache add   scope: null,
157 silly cache add   escapedName: 'hoist-non-react-statics',
157 silly cache add   name: 'hoist-non-react-statics',
157 silly cache add   rawSpec: '^2.5.0',
157 silly cache add   spec: '>=2.5.0 <3.0.0',
157 silly cache add   type: 'range' }
158 silly addNamed hoist-non-react-statics@>=2.5.0 <3.0.0
159 verbose addNamed ">=2.5.0 <3.0.0" is a valid semver range for hoist-non-react-statics
160 silly addNameRange { name: 'hoist-non-react-statics',
160 silly addNameRange   range: '>=2.5.0 <3.0.0',
160 silly addNameRange   hasData: false }
161 silly mapToRegistry name hoist-non-react-statics
162 silly mapToRegistry using default registry
163 silly mapToRegistry registry https://registry.npmjs.org/
164 silly mapToRegistry data Result {
164 silly mapToRegistry   raw: 'hoist-non-react-statics',
164 silly mapToRegistry   scope: null,
164 silly mapToRegistry   escapedName: 'hoist-non-react-statics',
164 silly mapToRegistry   name: 'hoist-non-react-statics',
164 silly mapToRegistry   rawSpec: '',
164 silly mapToRegistry   spec: 'latest',
164 silly mapToRegistry   type: 'tag' }
165 silly mapToRegistry uri https://registry.npmjs.org/hoist-non-react-statics
166 verbose addNameRange registry:https://registry.npmjs.org/hoist-non-react-statics not in flight; fetching
167 verbose get https://registry.npmjs.org/hoist-non-react-statics not expired, no request
168 silly addNameRange number 2 { name: 'hoist-non-react-statics',
168 silly addNameRange   range: '>=2.5.0 <3.0.0',
168 silly addNameRange   hasData: true }
169 silly addNameRange versions [ 'hoist-non-react-statics',
169 silly addNameRange   [ '1.0.0',
169 silly addNameRange     '1.0.1',
169 silly addNameRange     '1.0.2',
169 silly addNameRange     '1.0.3',
169 silly addNameRange     '1.0.4',
169 silly addNameRange     '1.0.5',
169 silly addNameRange     '1.0.6',
169 silly addNameRange     '1.1.0',
169 silly addNameRange     '1.2.0',
169 silly addNameRange     '2.0.0',
169 silly addNameRange     '2.1.0',
169 silly addNameRange     '2.1.1',
169 silly addNameRange     '2.2.0',
169 silly addNameRange     '2.2.1',
169 silly addNameRange     '2.2.2',
169 silly addNameRange     '2.3.0',
169 silly addNameRange     '2.3.1',
169 silly addNameRange     '2.5.0' ] ]
170 silly addNamed hoist-non-react-statics@2.5.0
171 verbose addNamed "2.5.0" is a plain semver version for hoist-non-react-statics
172 silly mapToRegistry name hoist-non-react-statics
173 silly mapToRegistry using default registry
174 silly mapToRegistry registry https://registry.npmjs.org/
175 silly mapToRegistry data Result {
175 silly mapToRegistry   raw: 'hoist-non-react-statics',
175 silly mapToRegistry   scope: null,
175 silly mapToRegistry   escapedName: 'hoist-non-react-statics',
175 silly mapToRegistry   name: 'hoist-non-react-statics',
175 silly mapToRegistry   rawSpec: '',
175 silly mapToRegistry   spec: 'latest',
175 silly mapToRegistry   type: 'tag' }
176 silly mapToRegistry uri https://registry.npmjs.org/hoist-non-react-statics
177 verbose addRemoteTarball https://registry.npmjs.org/hoist-non-react-statics/-/hoist-non-react-statics-2.5.0.tgz not in flight; adding
178 verbose addRemoteTarball [ 'https://registry.npmjs.org/hoist-non-react-statics/-/hoist-non-react-statics-2.5.0.tgz',
178 verbose addRemoteTarball   'd2ca2dfc19c5a91c5a6615ce8e564ef0347e2a40' ]
179 silly resolveWithNewModule react-lifecycles-compat@3.0.2 checking installable status
180 silly cache add args [ 'react-lifecycles-compat@^3.0.2', null ]
181 verbose cache add spec react-lifecycles-compat@^3.0.2
182 silly cache add parsed spec Result {
182 silly cache add   raw: 'react-lifecycles-compat@^3.0.2',
182 silly cache add   scope: null,
182 silly cache add   escapedName: 'react-lifecycles-compat',
182 silly cache add   name: 'react-lifecycles-compat',
182 silly cache add   rawSpec: '^3.0.2',
182 silly cache add   spec: '>=3.0.2 <4.0.0',
182 silly cache add   type: 'range' }
183 silly addNamed react-lifecycles-compat@>=3.0.2 <4.0.0
184 verbose addNamed ">=3.0.2 <4.0.0" is a valid semver range for react-lifecycles-compat
185 silly addNameRange { name: 'react-lifecycles-compat',
185 silly addNameRange   range: '>=3.0.2 <4.0.0',
185 silly addNameRange   hasData: false }
186 silly mapToRegistry name react-lifecycles-compat
187 silly mapToRegistry using default registry
188 silly mapToRegistry registry https://registry.npmjs.org/
189 silly mapToRegistry data Result {
189 silly mapToRegistry   raw: 'react-lifecycles-compat',
189 silly mapToRegistry   scope: null,
189 silly mapToRegistry   escapedName: 'react-lifecycles-compat',
189 silly mapToRegistry   name: 'react-lifecycles-compat',
189 silly mapToRegistry   rawSpec: '',
189 silly mapToRegistry   spec: 'latest',
189 silly mapToRegistry   type: 'tag' }
190 silly mapToRegistry uri https://registry.npmjs.org/react-lifecycles-compat
191 verbose addNameRange registry:https://registry.npmjs.org/react-lifecycles-compat not in flight; fetching
192 info retry fetch attempt 1 at 3:08:43 PM
193 info attempt registry request try #1 at 3:08:43 PM
194 http fetch GET https://registry.npmjs.org/hoist-non-react-statics/-/hoist-non-react-statics-2.5.0.tgz
195 verbose get https://registry.npmjs.org/react-lifecycles-compat not expired, no request
196 silly addNameRange number 2 { name: 'react-lifecycles-compat',
196 silly addNameRange   range: '>=3.0.2 <4.0.0',
196 silly addNameRange   hasData: true }
197 silly addNameRange versions [ 'react-lifecycles-compat',
197 silly addNameRange   [ '0.0.0',
197 silly addNameRange     '1.0.0',
197 silly addNameRange     '1.0.1',
197 silly addNameRange     '1.0.2',
197 silly addNameRange     '1.1.0',
197 silly addNameRange     '1.1.1',
197 silly addNameRange     '1.1.2',
197 silly addNameRange     '1.1.3',
197 silly addNameRange     '1.1.4',
197 silly addNameRange     '2.0.0',
197 silly addNameRange     '2.0.1',
197 silly addNameRange     '3.0.0',
197 silly addNameRange     '3.0.1',
197 silly addNameRange     '3.0.2',
197 silly addNameRange     '2.0.2' ] ]
198 silly addNamed react-lifecycles-compat@3.0.2
199 verbose addNamed "3.0.2" is a plain semver version for react-lifecycles-compat
200 silly mapToRegistry name react-lifecycles-compat
201 silly mapToRegistry using default registry
202 silly mapToRegistry registry https://registry.npmjs.org/
203 silly mapToRegistry data Result {
203 silly mapToRegistry   raw: 'react-lifecycles-compat',
203 silly mapToRegistry   scope: null,
203 silly mapToRegistry   escapedName: 'react-lifecycles-compat',
203 silly mapToRegistry   name: 'react-lifecycles-compat',
203 silly mapToRegistry   rawSpec: '',
203 silly mapToRegistry   spec: 'latest',
203 silly mapToRegistry   type: 'tag' }
204 silly mapToRegistry uri https://registry.npmjs.org/react-lifecycles-compat
205 verbose addRemoteTarball https://registry.npmjs.org/react-lifecycles-compat/-/react-lifecycles-compat-3.0.2.tgz not in flight; adding
206 verbose addRemoteTarball [ 'https://registry.npmjs.org/react-lifecycles-compat/-/react-lifecycles-compat-3.0.2.tgz',
206 verbose addRemoteTarball   '7279047275bd727a912e25f734c0559527e84eff' ]
207 info retry fetch attempt 1 at 3:08:43 PM
208 info attempt registry request try #1 at 3:08:43 PM
209 http fetch GET https://registry.npmjs.org/react-lifecycles-compat/-/react-lifecycles-compat-3.0.2.tgz
210 http fetch 200 https://registry.npmjs.org/hoist-non-react-statics/-/hoist-non-react-statics-2.5.0.tgz
211 http fetch 200 https://registry.npmjs.org/react-lifecycles-compat/-/react-lifecycles-compat-3.0.2.tgz
212 silly fetchAndShaCheck shasum d2ca2dfc19c5a91c5a6615ce8e564ef0347e2a40
213 verbose addTmpTarball /tmp/npm-738-0e044142/registry.npmjs.org/hoist-non-react-statics/-/hoist-non-react-statics-2.5.0.tgz not in flight; adding
214 verbose addTmpTarball already have metadata; skipping unpack for hoist-non-react-statics@2.5.0
215 verbose correctMkdir /home/alex/.npm correctMkdir not in flight; initializing
216 silly fetchAndShaCheck shasum 7279047275bd727a912e25f734c0559527e84eff
217 verbose addTmpTarball /tmp/npm-738-0e044142/registry.npmjs.org/react-lifecycles-compat/-/react-lifecycles-compat-3.0.2.tgz not in flight; adding
218 verbose addTmpTarball already have metadata; skipping unpack for react-lifecycles-compat@3.0.2
219 verbose correctMkdir /home/alex/.npm correctMkdir not in flight; initializing
220 silly cache afterAdd hoist-non-react-statics@2.5.0
221 verbose afterAdd /home/alex/.npm/hoist-non-react-statics/2.5.0/package/package.json not in flight; writing
222 verbose correctMkdir /home/alex/.npm correctMkdir not in flight; initializing
223 verbose afterAdd /home/alex/.npm/hoist-non-react-statics/2.5.0/package/package.json written
224 silly cache afterAdd react-lifecycles-compat@3.0.2
225 verbose afterAdd /home/alex/.npm/react-lifecycles-compat/3.0.2/package/package.json not in flight; writing
226 verbose correctMkdir /home/alex/.npm correctMkdir not in flight; initializing
227 verbose afterAdd /home/alex/.npm/react-lifecycles-compat/3.0.2/package/package.json written
228 silly loadAllDepsIntoIdealTree Finishing
229 silly loadIdealTree Finishing
230 silly currentTree iterated-expo
230 silly currentTree └── @babel/core
231 silly idealTree iterated-expo
231 silly idealTree ├── @babel/core
231 silly idealTree ├── hoist-non-react-statics@2.5.0
231 silly idealTree ├── mobx-react@5.1.2
231 silly idealTree ├── mobx@4.2.1
231 silly idealTree └── react-lifecycles-compat@3.0.2
232 silly generateActionsToTake Starting
233 silly install generateActionsToTake
234 silly generateActionsToTake Finishing
235 silly diffTrees action count 4
236 silly diffTrees add hoist-non-react-statics@2.5.0
237 silly diffTrees add mobx@4.2.1
238 silly diffTrees add react-lifecycles-compat@3.0.2
239 silly diffTrees add mobx-react@5.1.2
240 silly decomposeActions action count 32
241 silly decomposeActions fetch hoist-non-react-statics@2.5.0
242 silly decomposeActions extract hoist-non-react-statics@2.5.0
243 silly decomposeActions test hoist-non-react-statics@2.5.0
244 silly decomposeActions preinstall hoist-non-react-statics@2.5.0
245 silly decomposeActions build hoist-non-react-statics@2.5.0
246 silly decomposeActions install hoist-non-react-statics@2.5.0
247 silly decomposeActions postinstall hoist-non-react-statics@2.5.0
248 silly decomposeActions finalize hoist-non-react-statics@2.5.0
249 silly decomposeActions fetch mobx@4.2.1
250 silly decomposeActions extract mobx@4.2.1
251 silly decomposeActions test mobx@4.2.1
252 silly decomposeActions preinstall mobx@4.2.1
253 silly decomposeActions build mobx@4.2.1
254 silly decomposeActions install mobx@4.2.1
255 silly decomposeActions postinstall mobx@4.2.1
256 silly decomposeActions finalize mobx@4.2.1
257 silly decomposeActions fetch react-lifecycles-compat@3.0.2
258 silly decomposeActions extract react-lifecycles-compat@3.0.2
259 silly decomposeActions test react-lifecycles-compat@3.0.2
260 silly decomposeActions preinstall react-lifecycles-compat@3.0.2
261 silly decomposeActions build react-lifecycles-compat@3.0.2
262 silly decomposeActions install react-lifecycles-compat@3.0.2
263 silly decomposeActions postinstall react-lifecycles-compat@3.0.2
264 silly decomposeActions finalize react-lifecycles-compat@3.0.2
265 silly decomposeActions fetch mobx-react@5.1.2
266 silly decomposeActions extract mobx-react@5.1.2
267 silly decomposeActions test mobx-react@5.1.2
268 silly decomposeActions preinstall mobx-react@5.1.2
269 silly decomposeActions build mobx-react@5.1.2
270 silly decomposeActions install mobx-react@5.1.2
271 silly decomposeActions postinstall mobx-react@5.1.2
272 silly decomposeActions finalize mobx-react@5.1.2
273 silly runTopLevelLifecycles Starting
274 silly executeActions Starting
275 silly install executeActions
276 silly doSerial global-install 0
277 silly doParallel fetch 4
278 verbose correctMkdir /home/alex/.npm/_locks correctMkdir not in flight; initializing
279 verbose lock using /home/alex/.npm/_locks/staging-15468a06ddc8911f.lock for /mnt/c/Users/Alex/Documents/Repos/iterated-expo/node_modules/.staging
280 silly doParallel extract 4
281 silly extract hoist-non-react-statics@2.5.0
282 silly extract mobx@4.2.1
283 silly extract react-lifecycles-compat@3.0.2
284 silly extract mobx-react@5.1.2
285 verbose unbuild node_modules/.staging/hoist-non-react-statics-206a2233
286 verbose unbuild node_modules/.staging/mobx-9e79deae
287 verbose unbuild node_modules/.staging/react-lifecycles-compat-cda254cd
288 verbose unbuild node_modules/.staging/mobx-react-ca88b79c
289 silly gentlyRm /mnt/c/Users/Alex/Documents/Repos/iterated-expo/node_modules/.staging/hoist-non-react-statics-206a2233 is being purged from base /mnt/c/Users/Alex/Documents/Repos/iterated-expo
290 verbose gentlyRm don't care about contents; nuking /mnt/c/Users/Alex/Documents/Repos/iterated-expo/node_modules/.staging/hoist-non-react-statics-206a2233
291 silly gentlyRm /mnt/c/Users/Alex/Documents/Repos/iterated-expo/node_modules/.staging/mobx-9e79deae is being purged from base /mnt/c/Users/Alex/Documents/Repos/iterated-expo
292 verbose gentlyRm don't care about contents; nuking /mnt/c/Users/Alex/Documents/Repos/iterated-expo/node_modules/.staging/mobx-9e79deae
293 silly gentlyRm /mnt/c/Users/Alex/Documents/Repos/iterated-expo/node_modules/.staging/react-lifecycles-compat-cda254cd is being purged from base /mnt/c/Users/Alex/Documents/Repos/iterated-expo
294 verbose gentlyRm don't care about contents; nuking /mnt/c/Users/Alex/Documents/Repos/iterated-expo/node_modules/.staging/react-lifecycles-compat-cda254cd
295 verbose tar unpack /home/alex/.npm/hoist-non-react-statics/2.5.0/package.tgz
296 verbose tar unpacking to /mnt/c/Users/Alex/Documents/Repos/iterated-expo/node_modules/.staging/hoist-non-react-statics-206a2233
297 silly gentlyRm /mnt/c/Users/Alex/Documents/Repos/iterated-expo/node_modules/.staging/hoist-non-react-statics-206a2233 is being purged
298 verbose gentlyRm don't care about contents; nuking /mnt/c/Users/Alex/Documents/Repos/iterated-expo/node_modules/.staging/hoist-non-react-statics-206a2233
299 verbose tar unpack /home/alex/.npm/mobx/4.2.1/package.tgz
300 verbose tar unpacking to /mnt/c/Users/Alex/Documents/Repos/iterated-expo/node_modules/.staging/mobx-9e79deae
301 silly gentlyRm /mnt/c/Users/Alex/Documents/Repos/iterated-expo/node_modules/.staging/mobx-9e79deae is being purged
302 verbose gentlyRm don't care about contents; nuking /mnt/c/Users/Alex/Documents/Repos/iterated-expo/node_modules/.staging/mobx-9e79deae
303 verbose tar unpack /home/alex/.npm/react-lifecycles-compat/3.0.2/package.tgz
304 verbose tar unpacking to /mnt/c/Users/Alex/Documents/Repos/iterated-expo/node_modules/.staging/react-lifecycles-compat-cda254cd
305 silly gentlyRm /mnt/c/Users/Alex/Documents/Repos/iterated-expo/node_modules/.staging/react-lifecycles-compat-cda254cd is being purged
306 verbose gentlyRm don't care about contents; nuking /mnt/c/Users/Alex/Documents/Repos/iterated-expo/node_modules/.staging/react-lifecycles-compat-cda254cd
307 silly gentlyRm /mnt/c/Users/Alex/Documents/Repos/iterated-expo/node_modules/.staging/mobx-react-ca88b79c is being purged from base /mnt/c/Users/Alex/Documents/Repos/iterated-expo
308 verbose gentlyRm don't care about contents; nuking /mnt/c/Users/Alex/Documents/Repos/iterated-expo/node_modules/.staging/mobx-react-ca88b79c
309 silly gunzTarPerm modes [ '755', '644' ]
310 silly gunzTarPerm modes [ '755', '644' ]
311 silly gunzTarPerm modes [ '755', '644' ]
312 verbose tar unpack /home/alex/.npm/mobx-react/5.1.2/package.tgz
313 verbose tar unpacking to /mnt/c/Users/Alex/Documents/Repos/iterated-expo/node_modules/.staging/mobx-react-ca88b79c
314 silly gentlyRm /mnt/c/Users/Alex/Documents/Repos/iterated-expo/node_modules/.staging/mobx-react-ca88b79c is being purged
315 verbose gentlyRm don't care about contents; nuking /mnt/c/Users/Alex/Documents/Repos/iterated-expo/node_modules/.staging/mobx-react-ca88b79c
316 silly gunzTarPerm modes [ '755', '644' ]
317 silly gunzTarPerm extractEntry package.json
318 silly gunzTarPerm extractEntry package.json
319 silly gunzTarPerm extractEntry package.json
320 silly gunzTarPerm extractEntry package.json
321 silly gunzTarPerm extractEntry index.d.ts
322 silly gunzTarPerm extractEntry index.js
323 silly gunzTarPerm extractEntry CHANGELOG.md
324 silly gunzTarPerm extractEntry LICENSE.md
325 silly gunzTarPerm extractEntry .npmignore
326 silly gunzTarPerm extractEntry README.md
327 silly gunzTarPerm extractEntry README.md
328 silly gunzTarPerm extractEntry LICENSE
329 silly gunzTarPerm modified mode [ 'LICENSE', 436, 420 ]
330 silly gunzTarPerm extractEntry LICENSE.md
331 silly gunzTarPerm extractEntry README.md
332 silly gunzTarPerm extractEntry LICENSE
333 silly gunzTarPerm modified mode [ 'LICENSE', 436, 420 ]
334 silly gunzTarPerm extractEntry react-lifecycles-compat.cjs.js
335 silly gunzTarPerm extractEntry react-lifecycles-compat.es.js
336 silly gunzTarPerm extractEntry CHANGELOG.md
337 silly gunzTarPerm extractEntry lib/mobx.js
338 silly gunzTarPerm extractEntry lib/mobx.min.js
339 silly gunzTarPerm extractEntry custom.js
340 silly gunzTarPerm modified mode [ 'custom.js', 436, 420 ]
341 silly gunzTarPerm extractEntry index.js
342 silly gunzTarPerm modified mode [ 'index.js', 436, 420 ]
343 silly gunzTarPerm extractEntry index.min.js
344 silly gunzTarPerm modified mode [ 'index.min.js', 436, 420 ]
345 silly gunzTarPerm extractEntry react-lifecycles-compat.js
346 silly gunzTarPerm extractEntry index.module.js
347 silly gunzTarPerm extractEntry lib/mobx.module.js
348 silly gunzTarPerm extractEntry react-lifecycles-compat.min.js
349 silly gunzTarPerm extractEntry README.md
350 silly gunzTarPerm extractEntry native.js
351 silly gunzTarPerm modified mode [ 'native.js', 436, 420 ]
352 silly gunzTarPerm extractEntry custom.module.js
353 silly gunzTarPerm extractEntry lib/mobx.umd.js
354 silly gunzTarPerm extractEntry lib/mobx.umd.min.js
355 silly gunzTarPerm extractEntry lib/mobx.min.js.map
356 silly gunzTarPerm extractEntry empty.js
357 silly gunzTarPerm extractEntry custom.d.ts
358 silly gunzTarPerm modified mode [ 'custom.d.ts', 436, 420 ]
359 silly gunzTarPerm extractEntry .prettierrc
360 silly gunzTarPerm extractEntry lib/core/action.d.ts
361 silly gunzTarPerm extractEntry .editorconfig
362 silly gunzTarPerm extractEntry lib/core/atom.d.ts
363 silly gunzTarPerm extractEntry lib/core/computedvalue.d.ts
364 silly gunzTarPerm extractEntry lib/core/derivation.d.ts
365 silly gunzTarPerm extractEntry lib/core/globalstate.d.ts
366 silly gunzTarPerm extractEntry .travis.yml
367 silly gunzTarPerm extractEntry index.d.ts
368 silly gunzTarPerm modified mode [ 'index.d.ts', 436, 420 ]
369 silly gunzTarPerm extractEntry CHANGELOG.md
370 silly gunzTarPerm extractEntry lib/core/observable.d.ts
371 silly gunzTarPerm extractEntry native.d.ts
372 silly gunzTarPerm modified mode [ 'native.d.ts', 436, 420 ]
373 silly gunzTarPerm extractEntry lib/core/reaction.d.ts
374 silly gunzTarPerm extractEntry yarn-error.log
375 silly gunzTarPerm extractEntry lib/core/spy.d.ts
376 silly gunzTarPerm extractEntry lib/api/intercept.d.ts
377 silly gentlyRm /mnt/c/Users/Alex/Documents/Repos/iterated-expo/node_modules/.staging/hoist-non-react-statics-206a2233/node_modules is being purged
378 verbose gentlyRm don't care about contents; nuking /mnt/c/Users/Alex/Documents/Repos/iterated-expo/node_modules/.staging/hoist-non-react-statics-206a2233/node_modules
379 silly gunzTarPerm extractEntry lib/api/action.d.ts
380 silly gunzTarPerm extractEntry lib/api/autorun.d.ts
381 silly gunzTarPerm extractEntry __mocks__/react-native.js
382 silly gunzTarPerm extractEntry .prettierignore
383 silly gunzTarPerm extractEntry yarn.lock
384 silly gunzTarPerm extractEntry lib/api/become-observed.d.ts
385 silly gunzTarPerm extractEntry lib/api/computed.d.ts
386 silly gunzTarPerm extractEntry lib/api/configure.d.ts
387 silly gunzTarPerm extractEntry lib/api/decorate.d.ts
388 silly gunzTarPerm extractEntry lib/api/extendobservable.d.ts
389 silly gunzTarPerm extractEntry lib/api/extras.d.ts
390 silly gunzTarPerm extractEntry lib/api/flow.d.ts
391 silly gentlyRm /mnt/c/Users/Alex/Documents/Repos/iterated-expo/node_modules/.staging/react-lifecycles-compat-cda254cd/node_modules is being purged
392 verbose gentlyRm don't care about contents; nuking /mnt/c/Users/Alex/Documents/Repos/iterated-expo/node_modules/.staging/react-lifecycles-compat-cda254cd/node_modules
393 silly gunzTarPerm extractEntry lib/api/intercept-read.d.ts
394 silly gunzTarPerm extractEntry lib/api/actiondecorator.d.ts
395 silly gunzTarPerm extractEntry lib/api/iscomputed.d.ts
396 silly gunzTarPerm extractEntry lib/api/isobservable.d.ts
397 silly gunzTarPerm extractEntry lib/api/object-api.d.ts
398 silly gunzTarPerm extractEntry lib/api/observable.d.ts
399 silly gunzTarPerm extractEntry lib/api/observabledecorator.d.ts
400 silly gunzTarPerm extractEntry lib/api/observe.d.ts
401 silly gunzTarPerm extractEntry lib/api/tojs.d.ts
402 silly gunzTarPerm extractEntry lib/api/trace.d.ts
403 silly gunzTarPerm extractEntry lib/api/transaction.d.ts
404 silly gunzTarPerm extractEntry lib/api/when.d.ts
405 silly gunzTarPerm extractEntry lib/mobx.js.flow
406 silly gunzTarPerm extractEntry lib/mobx.d.ts
407 silly gunzTarPerm extractEntry lib/mobx.umd.min.js.map
408 silly gunzTarPerm extractEntry lib/types/intercept-utils.d.ts
409 silly gunzTarPerm extractEntry lib/types/listen-utils.d.ts
410 silly gunzTarPerm extractEntry lib/types/modifiers.d.ts
411 silly gunzTarPerm extractEntry lib/types/observablearray.d.ts
412 silly gunzTarPerm extractEntry lib/types/observablemap.d.ts
413 silly gunzTarPerm extractEntry lib/types/observableobject.d.ts
414 silly gunzTarPerm extractEntry lib/types/observablevalue.d.ts
415 silly gunzTarPerm extractEntry lib/types/type-utils.d.ts
416 silly gunzTarPerm extractEntry lib/utils/comparer.d.ts
417 silly gunzTarPerm extractEntry lib/utils/decorators2.d.ts
418 silly gunzTarPerm extractEntry lib/utils/eq.d.ts
419 silly gunzTarPerm extractEntry lib/utils/iterable.d.ts
420 silly gunzTarPerm extractEntry lib/utils/utils.d.ts
421 silly gentlyRm /mnt/c/Users/Alex/Documents/Repos/iterated-expo/node_modules/.staging/mobx-react-ca88b79c/node_modules is being purged
422 verbose gentlyRm don't care about contents; nuking /mnt/c/Users/Alex/Documents/Repos/iterated-expo/node_modules/.staging/mobx-react-ca88b79c/node_modules
423 silly gentlyRm /mnt/c/Users/Alex/Documents/Repos/iterated-expo/node_modules/.staging/mobx-9e79deae/node_modules is being purged
424 verbose gentlyRm don't care about contents; nuking /mnt/c/Users/Alex/Documents/Repos/iterated-expo/node_modules/.staging/mobx-9e79deae/node_modules
425 silly doParallel preinstall 4
426 silly preinstall hoist-non-react-statics@2.5.0 /mnt/c/Users/Alex/Documents/Repos/iterated-expo/node_modules/.staging/hoist-non-react-statics-206a2233
427 info lifecycle hoist-non-react-statics@2.5.0~preinstall: hoist-non-react-statics@2.5.0
428 silly preinstall mobx@4.2.1 /mnt/c/Users/Alex/Documents/Repos/iterated-expo/node_modules/.staging/mobx-9e79deae
429 info lifecycle mobx@4.2.1~preinstall: mobx@4.2.1
430 silly preinstall react-lifecycles-compat@3.0.2 /mnt/c/Users/Alex/Documents/Repos/iterated-expo/node_modules/.staging/react-lifecycles-compat-cda254cd
431 info lifecycle react-lifecycles-compat@3.0.2~preinstall: react-lifecycles-compat@3.0.2
432 silly preinstall mobx-react@5.1.2 /mnt/c/Users/Alex/Documents/Repos/iterated-expo/node_modules/.staging/mobx-react-ca88b79c
433 info lifecycle mobx-react@5.1.2~preinstall: mobx-react@5.1.2
434 silly lifecycle hoist-non-react-statics@2.5.0~preinstall: no script for preinstall, continuing
435 silly lifecycle mobx@4.2.1~preinstall: no script for preinstall, continuing
436 silly lifecycle react-lifecycles-compat@3.0.2~preinstall: no script for preinstall, continuing
437 silly lifecycle mobx-react@5.1.2~preinstall: no script for preinstall, continuing
438 silly doReverseSerial remove 0
439 silly doSerial move 0
440 silly doSerial finalize 4
441 silly finalize /mnt/c/Users/Alex/Documents/Repos/iterated-expo/node_modules/hoist-non-react-statics
442 silly finalize /mnt/c/Users/Alex/Documents/Repos/iterated-expo/node_modules/mobx
443 verbose unlock done using /home/alex/.npm/_locks/staging-15468a06ddc8911f.lock for /mnt/c/Users/Alex/Documents/Repos/iterated-expo/node_modules/.staging
444 silly rollbackFailedOptional Starting
445 silly rollbackFailedOptional Finishing
446 silly runTopLevelLifecycles Finishing
447 silly install printInstalled
448 warn enoent ENOENT: no such file or directory, open '/mnt/c/Users/Alex/Documents/Repos/iterated-expo/node_modules/@babel/core/package.json'
449 verbose enoent ENOENT: no such file or directory, open '/mnt/c/Users/Alex/Documents/Repos/iterated-expo/node_modules/@babel/core/package.json'
449 verbose enoent This is most likely not a problem with npm itself
449 verbose enoent and is related to npm not being able to find a file.
450 warn mobx-react@5.1.2 requires a peer of react@^0.13.0 || ^0.14.0 || ^15.0.0 || ^16.0.0 but none was installed.
451 verbose If you need help, you may report this error at:
451 verbose     <https://github.com/npm/npm/issues>
452 verbose stack Error: EACCES: permission denied, rename '/mnt/c/Users/Alex/Documents/Repos/iterated-expo/node_modules/.staging/mobx-9e79deae' -> '/mnt/c/Users/Alex/Documents/Repos/iterated-expo/node_modules/mobx'
452 verbose stack     at destStatted (/usr/lib/node_modules/npm/lib/install/action/finalize.js:25:7)
452 verbose stack     at /usr/lib/node_modules/npm/node_modules/graceful-fs/polyfills.js:264:29
452 verbose stack     at FSReqWrap.oncomplete (fs.js:123:15)
452 verbose stack
452 verbose stack Error: EACCES: permission denied, rename '/mnt/c/Users/Alex/Documents/Repos/iterated-expo/node_modules/.staging/mobx-9e79deae' -> '/mnt/c/Users/Alex/Documents/Repos/iterated-expo/node_modules/mobx'
452 verbose stack     at Error (native)
453 verbose cwd /mnt/c/Users/Alex/Documents/Repos/iterated-expo
454 error Linux 4.4.0-43-Microsoft
455 error argv "/usr/bin/node" "/usr/bin/npm" "i" "mobx" "mobx-react"
456 error node v6.12.2
457 error npm  v3.10.10
458 error path /mnt/c/Users/Alex/Documents/Repos/iterated-expo/node_modules/.staging/mobx-9e79deae
459 error code EACCES
460 error errno -13
461 error syscall rename
462 error Error: EACCES: permission denied, rename '/mnt/c/Users/Alex/Documents/Repos/iterated-expo/node_modules/.staging/mobx-9e79deae' -> '/mnt/c/Users/Alex/Documents/Repos/iterated-expo/node_modules/mobx'
462 error     at destStatted (/usr/lib/node_modules/npm/lib/install/action/finalize.js:25:7)
462 error     at /usr/lib/node_modules/npm/node_modules/graceful-fs/polyfills.js:264:29
462 error     at FSReqWrap.oncomplete (fs.js:123:15)
462 error
462 error Error: EACCES: permission denied, rename '/mnt/c/Users/Alex/Documents/Repos/iterated-expo/node_modules/.staging/mobx-9e79deae' -> '/mnt/c/Users/Alex/Documents/Repos/iterated-expo/node_modules/mobx'
462 error     at Error (native)
462 error  Error: EACCES: permission denied, rename '/mnt/c/Users/Alex/Documents/Repos/iterated-expo/node_modules/.staging/mobx-9e79deae' -> '/mnt/c/Users/Alex/Documents/Repos/iterated-expo/node_modules/mobx'
462 error     at destStatted (/usr/lib/node_modules/npm/lib/install/action/finalize.js:25:7)
462 error     at /usr/lib/node_modules/npm/node_modules/graceful-fs/polyfills.js:264:29
462 error     at FSReqWrap.oncomplete (fs.js:123:15)
462 error
462 error Error: EACCES: permission denied, rename '/mnt/c/Users/Alex/Documents/Repos/iterated-expo/node_modules/.staging/mobx-9e79deae' -> '/mnt/c/Users/Alex/Documents/Repos/iterated-expo/node_modules/mobx'
462 error     at Error (native)
463 error Please try running this command again as root/Administrator.
464 verbose exit [ -13, true ]
